2017-03-19 15:10:35,327 [      main] DEBUG ngReport.SpendingReportProcess  - Generating Spending Report with options : --ignore-cc-payments, --ignore-donuts
2017-03-19 15:10:35,746 [      main] DEBUG ngReport.SpendingReportProcess  - Get All Transactions...
2017-03-19 15:15:05,143 [      main] DEBUG ngReport.SpendingReportProcess  - Generating Spending Report with options : --ignore-donuts
2017-03-19 15:15:05,153 [      main] DEBUG ngReport.SpendingReportProcess  - Get All Transactions...
2017-03-19 15:15:06,686 [      main] DEBUG ngReport.SpendingReportProcess  - {
  "2014-10" : {
    "spent" : "$1478.21",
    "income" : "$3429.79"
  },
  "2014-11" : {
    "spent" : "$4574.79",
    "income" : "$3949.51"
  },
  "2014-12" : {
    "spent" : "$4620.40",
    "income" : "$3954.32"
  },
  "2015-01" : {
    "spent" : "$3715.85",
    "income" : "$3925.98"
  },
  "2015-02" : {
    "spent" : "$4121.78",
    "income" : "$3936.64"
  },
  "2015-03" : {
    "spent" : "$3354.40",
    "income" : "$3942.73"
  },
  "2015-04" : {
    "spent" : "$2914.65",
    "income" : "$3943.68"
  },
  "2015-05" : {
    "spent" : "$2660.05",
    "income" : "$3416.40"
  },
  "2015-06" : {
    "spent" : "$3681.50",
    "income" : "$3918.23"
  },
  "2015-07" : {
    "spent" : "$3873.68",
    "income" : "$3917.18"
  },
  "2015-08" : {
    "spent" : "$2736.77",
    "income" : "$3384.88"
  },
  "2015-09" : {
    "spent" : "$3000.75",
    "income" : "$3922.72"
  },
  "2015-10" : {
    "spent" : "$3243.00",
    "income" : "$1717.43"
  },
  "2015-11" : {
    "spent" : "$3108.48",
    "income" : "$3977.78"
  },
  "2015-12" : {
    "spent" : "$3158.59",
    "income" : "$1725.57"
  },
  "2016-01" : {
    "spent" : "$2709.06",
    "income" : "$2242.89"
  },
  "2016-02" : {
    "spent" : "$3060.17",
    "income" : "$3451.38"
  },
  "2016-03" : {
    "spent" : "$4168.28",
    "income" : "$3386.61"
  },
  "2016-04" : {
    "spent" : "$3904.39",
    "income" : "$3917.40"
  },
  "2016-05" : {
    "spent" : "$3479.26",
    "income" : "$3991.18"
  },
  "2016-06" : {
    "spent" : "$3194.25",
    "income" : "$3927.78"
  },
  "2016-07" : {
    "spent" : "$3174.93",
    "income" : "$3928.23"
  },
  "2016-08" : {
    "spent" : "$2987.39",
    "income" : "$3922.33"
  },
  "2016-09" : {
    "spent" : "$3617.91",
    "income" : "$2229.63"
  },
  "2016-10" : {
    "spent" : "$3196.46",
    "income" : "$2209.91"
  },
  "2016-11" : {
    "spent" : "$4755.17",
    "income" : "$3441.83"
  },
  "2016-12" : {
    "spent" : "$3052.98",
    "income" : "$3966.25"
  },
  "2017-01" : {
    "spent" : "$4016.64",
    "income" : "$3486.48"
  },
  "2017-02" : {
    "spent" : "$3278.01",
    "income" : "$1707.68"
  },
  "2017-03" : {
    "spent" : "$3402.63",
    "income" : "$1729.75"
  },
  "average" : {
    "spent" : "$3408.01",
    "income" : "$3353.41"
  }
}
2017-03-19 15:15:06,686 [      main] DEBUG ngReport.SpendingReportProcess  - Generating Spending Report with options : --ignore-cc-payments
2017-03-19 15:15:06,686 [      main] DEBUG ngReport.SpendingReportProcess  - Get All Transactions...
2017-03-19 15:15:07,241 [      main] DEBUG ngReport.SpendingReportProcess  - Get Credit Card Payment transactioins...
2017-03-19 15:15:07,336 [      main] DEBUG ngReport.SpendingReportProcess  - {
  "2014-10" : {
    "spent" : "$1578.44",
    "income" : "$3429.79"
  },
  "2014-11" : {
    "spent" : "$4625.67",
    "income" : "$3430.06"
  },
  "2014-12" : {
    "spent" : "$4785.78",
    "income" : "$3434.87"
  },
  "2015-01" : {
    "spent" : "$3811.42",
    "income" : "$3406.53"
  },
  "2015-02" : {
    "spent" : "$4217.99",
    "income" : "$3417.19"
  },
  "2015-03" : {
    "spent" : "$3460.17",
    "income" : "$3423.28"
  },
  "2015-04" : {
    "spent" : "$2985.45",
    "income" : "$3424.23"
  },
  "2015-05" : {
    "spent" : "$2692.67",
    "income" : "$3416.40"
  },
  "2015-06" : {
    "spent" : "$3758.45",
    "income" : "$3398.78"
  },
  "2015-07" : {
    "spent" : "$3921.05",
    "income" : "$3397.73"
  },
  "2015-08" : {
    "spent" : "$2809.03",
    "income" : "$3384.88"
  },
  "2015-09" : {
    "spent" : "$3055.51",
    "income" : "$3403.27"
  },
  "2015-10" : {
    "spent" : "$3301.84",
    "income" : "$1717.43"
  },
  "2015-11" : {
    "spent" : "$3154.04",
    "income" : "$3458.33"
  },
  "2015-12" : {
    "spent" : "$3208.54",
    "income" : "$1725.57"
  },
  "2016-01" : {
    "spent" : "$2827.81",
    "income" : "$1723.44"
  },
  "2016-02" : {
    "spent" : "$3118.91",
    "income" : "$3451.38"
  },
  "2016-03" : {
    "spent" : "$4216.55",
    "income" : "$3386.61"
  },
  "2016-04" : {
    "spent" : "$3912.18",
    "income" : "$3397.95"
  },
  "2016-05" : {
    "spent" : "$3543.46",
    "income" : "$3471.73"
  },
  "2016-06" : {
    "spent" : "$3276.24",
    "income" : "$3408.33"
  },
  "2016-07" : {
    "spent" : "$3262.42",
    "income" : "$3408.78"
  },
  "2016-08" : {
    "spent" : "$3072.53",
    "income" : "$3402.88"
  },
  "2016-09" : {
    "spent" : "$3720.20",
    "income" : "$1710.18"
  },
  "2016-10" : {
    "spent" : "$3273.58",
    "income" : "$1690.46"
  },
  "2016-11" : {
    "spent" : "$4831.32",
    "income" : "$3441.83"
  },
  "2016-12" : {
    "spent" : "$3106.19",
    "income" : "$3446.80"
  },
  "2017-01" : {
    "spent" : "$4119.53",
    "income" : "$3486.48"
  },
  "2017-02" : {
    "spent" : "$3331.10",
    "income" : "$1707.68"
  },
  "2017-03" : {
    "spent" : "$3441.54",
    "income" : "$1729.75"
  },
  "average" : {
    "spent" : "$3480.65",
    "income" : "$3024.42"
  }
}
2017-03-19 15:15:07,338 [      main] DEBUG ngReport.SpendingReportProcess  - Credit Card Payment Received:
2017-03-19 15:15:07,351 [      main] DEBUG ngReport.SpendingReportProcess  - [ {
  "merchant" : "Credit Card Payment",
  "amount" : 5194500,
  "pending" : false,
  "transaction-id" : "1415042820000",
  "is-pending" : false,
  "transaction-time" : [ 2014, 11, 3 ]
}, {
  "merchant" : "Credit Card Payment",
  "amount" : 5194500,
  "pending" : false,
  "transaction-id" : "1417643220000",
  "is-pending" : false,
  "transaction-time" : [ 2014, 12, 3 ]
}, {
  "merchant" : "Credit Card Payment",
  "amount" : 5194500,
  "pending" : false,
  "transaction-id" : "1420307220000",
  "is-pending" : false,
  "transaction-time" : [ 2015, 1, 2 ]
}, {
  "merchant" : "Credit Card Payment",
  "amount" : 5194500,
  "pending" : false,
  "transaction-id" : "1423001100000",
  "is-pending" : false,
  "transaction-time" : [ 2015, 2, 3 ]
}, {
  "merchant" : "Credit Card Payment",
  "amount" : 5194500,
  "pending" : false,
  "transaction-id" : "1425608100000",
  "is-pending" : false,
  "transaction-time" : [ 2015, 3, 3 ]
}, {
  "merchant" : "Credit Card Payment",
  "amount" : 5194500,
  "pending" : false,
  "transaction-id" : "1428130140000",
  "is-pending" : false,
  "transaction-time" : [ 2015, 4, 2 ]
}, {
  "merchant" : "Credit Card Payment",
  "amount" : 5194500,
  "pending" : false,
  "transaction-id" : "1433497680000",
  "is-pending" : false,
  "transaction-time" : [ 2015, 6, 3 ]
}, {
  "merchant" : "Credit Card Payment",
  "amount" : 5194500,
  "pending" : false,
  "transaction-id" : "1436268120000",
  "is-pending" : false,
  "transaction-time" : [ 2015, 7, 3 ]
}, {
  "merchant" : "Credit Card Payment",
  "amount" : 5194500,
  "pending" : false,
  "transaction-id" : "1441313880000",
  "is-pending" : false,
  "transaction-time" : [ 2015, 9, 3 ]
}, {
  "merchant" : "Credit Card Payment",
  "amount" : 5194500,
  "pending" : false,
  "transaction-id" : "1446733980000",
  "is-pending" : false,
  "transaction-time" : [ 2015, 11, 3 ]
}, {
  "merchant" : "Credit Card Payment",
  "amount" : 5194500,
  "pending" : false,
  "transaction-id" : "1451930940000",
  "is-pending" : false,
  "transaction-time" : [ 2016, 1, 3 ]
}, {
  "merchant" : "Credit Card Payment",
  "amount" : 5194500,
  "pending" : false,
  "transaction-id" : "1459724580000",
  "is-pending" : false,
  "transaction-time" : [ 2016, 4, 3 ]
}, {
  "merchant" : "Credit Card Payment",
  "amount" : 5194500,
  "pending" : false,
  "transaction-id" : "1462516800000",
  "is-pending" : false,
  "transaction-time" : [ 2016, 5, 3 ]
}, {
  "merchant" : "Credit Card Payment",
  "amount" : 5194500,
  "pending" : false,
  "transaction-id" : "1465220520000",
  "is-pending" : false,
  "transaction-time" : [ 2016, 6, 3 ]
}, {
  "merchant" : "Credit Card Payment",
  "amount" : 5194500,
  "pending" : false,
  "transaction-id" : "1467622920000",
  "is-pending" : false,
  "transaction-time" : [ 2016, 7, 3 ]
}, {
  "merchant" : "Credit Card Payment",
  "amount" : 5194500,
  "pending" : false,
  "transaction-id" : "1470195540000",
  "is-pending" : false,
  "transaction-time" : [ 2016, 8, 3 ]
}, {
  "merchant" : "Credit Card Payment",
  "amount" : 5194500,
  "pending" : false,
  "transaction-id" : "1472951400000",
  "is-pending" : false,
  "transaction-time" : [ 2016, 9, 3 ]
}, {
  "merchant" : "Credit Card Payment",
  "amount" : 5194500,
  "pending" : false,
  "transaction-id" : "1475459040000",
  "is-pending" : false,
  "transaction-time" : [ 2016, 10, 3 ]
}, {
  "merchant" : "Credit Card Payment",
  "amount" : 5194500,
  "pending" : false,
  "transaction-id" : "1480810080000",
  "is-pending" : false,
  "transaction-time" : [ 2016, 12, 3 ]
} ]
2017-03-19 15:15:07,356 [      main] DEBUG ngReport.SpendingReportProcess  - Generating Spending Report with options : --crystal-ball
2017-03-19 15:15:07,356 [      main] DEBUG ngReport.SpendingReportProcess  - Get All Transactions...
2017-03-19 15:15:08,011 [      main] DEBUG ngReport.SpendingReportProcess  - Get projefted Transactions for a month {"args":{"uid":1110590645,"token":"156AF807DBF200A743FACFA4D1415892","api-token":"AppTokenForInterview","json-strict-mode":false,"json-verbose-response":false}, "year": 2017, "month":3}
2017-03-19 15:15:08,312 [      main] DEBUG ngReport.SpendingReportProcess  - {
  "2014-10" : {
    "spent" : "$1578.44",
    "income" : "$3429.79"
  },
  "2014-11" : {
    "spent" : "$4625.67",
    "income" : "$3949.51"
  },
  "2014-12" : {
    "spent" : "$4785.78",
    "income" : "$3954.32"
  },
  "2015-01" : {
    "spent" : "$3811.42",
    "income" : "$3925.98"
  },
  "2015-02" : {
    "spent" : "$4217.99",
    "income" : "$3936.64"
  },
  "2015-03" : {
    "spent" : "$3460.17",
    "income" : "$3942.73"
  },
  "2015-04" : {
    "spent" : "$2985.45",
    "income" : "$3943.68"
  },
  "2015-05" : {
    "spent" : "$2692.67",
    "income" : "$3416.40"
  },
  "2015-06" : {
    "spent" : "$3758.45",
    "income" : "$3918.23"
  },
  "2015-07" : {
    "spent" : "$3921.05",
    "income" : "$3917.18"
  },
  "2015-08" : {
    "spent" : "$2809.03",
    "income" : "$3384.88"
  },
  "2015-09" : {
    "spent" : "$3055.51",
    "income" : "$3922.72"
  },
  "2015-10" : {
    "spent" : "$3301.84",
    "income" : "$1717.43"
  },
  "2015-11" : {
    "spent" : "$3154.04",
    "income" : "$3977.78"
  },
  "2015-12" : {
    "spent" : "$3208.54",
    "income" : "$1725.57"
  },
  "2016-01" : {
    "spent" : "$2827.81",
    "income" : "$2242.89"
  },
  "2016-02" : {
    "spent" : "$3118.91",
    "income" : "$3451.38"
  },
  "2016-03" : {
    "spent" : "$4216.55",
    "income" : "$3386.61"
  },
  "2016-04" : {
    "spent" : "$3912.18",
    "income" : "$3917.40"
  },
  "2016-05" : {
    "spent" : "$3543.46",
    "income" : "$3991.18"
  },
  "2016-06" : {
    "spent" : "$3276.24",
    "income" : "$3927.78"
  },
  "2016-07" : {
    "spent" : "$3262.42",
    "income" : "$3928.23"
  },
  "2016-08" : {
    "spent" : "$3072.53",
    "income" : "$3922.33"
  },
  "2016-09" : {
    "spent" : "$3720.20",
    "income" : "$2229.63"
  },
  "2016-10" : {
    "spent" : "$3273.58",
    "income" : "$2209.91"
  },
  "2016-11" : {
    "spent" : "$4831.32",
    "income" : "$3441.83"
  },
  "2016-12" : {
    "spent" : "$3106.19",
    "income" : "$3966.25"
  },
  "2017-01" : {
    "spent" : "$4119.53",
    "income" : "$3486.48"
  },
  "2017-02" : {
    "spent" : "$3331.10",
    "income" : "$1707.68"
  },
  "2017-03" : {
    "spent" : "$3441.54",
    "income" : "$1729.75"
  },
  "average" : {
    "spent" : "$3480.65",
    "income" : "$3353.41"
  }
}
2017-03-19 15:15:08,322 [      main] DEBUG ngReport.SpendingReportProcess  - Get All Transactions...
2017-03-19 15:15:08,793 [      main] DEBUG ngReport.SpendingReportProcess  - Get projefted Transactions for a month {"args":{"uid":1110590645,"token":"156AF807DBF200A743FACFA4D1415892","api-token":"AppTokenForInterview","json-strict-mode":false,"json-verbose-response":false}, "year": 2017, "month":3}
2017-03-19 17:20:55,150 [      main] DEBUG ngReport.SpendingReportProcess  - Generating Spending Report with options : --ignore-cc-payments, --ignore-donuts
2017-03-19 17:20:56,941 [      main] DEBUG ngReport.SpendingReportProcess  - Get All Transactions...
2017-03-19 17:21:16,085 [      main] DEBUG ngReport.SpendingReportProcess  - Get Credit Card Payment transactioins...
2017-03-19 17:21:47,935 [      main] DEBUG ngReport.SpendingReportProcess  - {
  "2014-10" : {
    "spent" : "$1478.21",
    "income" : "$3429.79"
  },
  "2014-11" : {
    "spent" : "$4574.79",
    "income" : "$3430.06"
  },
  "2014-12" : {
    "spent" : "$4620.40",
    "income" : "$3434.87"
  },
  "2015-01" : {
    "spent" : "$3715.85",
    "income" : "$3406.53"
  },
  "2015-02" : {
    "spent" : "$4121.78",
    "income" : "$3417.19"
  },
  "2015-03" : {
    "spent" : "$3354.40",
    "income" : "$3423.28"
  },
  "2015-04" : {
    "spent" : "$2914.65",
    "income" : "$3424.23"
  },
  "2015-05" : {
    "spent" : "$2660.05",
    "income" : "$3416.40"
  },
  "2015-06" : {
    "spent" : "$3681.50",
    "income" : "$3398.78"
  },
  "2015-07" : {
    "spent" : "$3873.68",
    "income" : "$3397.73"
  },
  "2015-08" : {
    "spent" : "$2736.77",
    "income" : "$3384.88"
  },
  "2015-09" : {
    "spent" : "$3000.75",
    "income" : "$3403.27"
  },
  "2015-10" : {
    "spent" : "$3243.00",
    "income" : "$1717.43"
  },
  "2015-11" : {
    "spent" : "$3108.48",
    "income" : "$3458.33"
  },
  "2015-12" : {
    "spent" : "$3158.59",
    "income" : "$1725.57"
  },
  "2016-01" : {
    "spent" : "$2709.06",
    "income" : "$1723.44"
  },
  "2016-02" : {
    "spent" : "$3060.17",
    "income" : "$3451.38"
  },
  "2016-03" : {
    "spent" : "$4168.28",
    "income" : "$3386.61"
  },
  "2016-04" : {
    "spent" : "$3904.39",
    "income" : "$3397.95"
  },
  "2016-05" : {
    "spent" : "$3479.26",
    "income" : "$3471.73"
  },
  "2016-06" : {
    "spent" : "$3194.25",
    "income" : "$3408.33"
  },
  "2016-07" : {
    "spent" : "$3174.93",
    "income" : "$3408.78"
  },
  "2016-08" : {
    "spent" : "$2987.39",
    "income" : "$3402.88"
  },
  "2016-09" : {
    "spent" : "$3617.91",
    "income" : "$1710.18"
  },
  "2016-10" : {
    "spent" : "$3196.46",
    "income" : "$1690.46"
  },
  "2016-11" : {
    "spent" : "$4755.17",
    "income" : "$3441.83"
  },
  "2016-12" : {
    "spent" : "$3052.98",
    "income" : "$3446.80"
  },
  "2017-01" : {
    "spent" : "$4016.64",
    "income" : "$3486.48"
  },
  "2017-02" : {
    "spent" : "$3278.01",
    "income" : "$1707.68"
  },
  "2017-03" : {
    "spent" : "$3402.63",
    "income" : "$1729.75"
  },
  "average" : {
    "spent" : "$3408.01",
    "income" : "$3024.42"
  }
}
2017-03-19 17:22:23,648 [      main] DEBUG ngReport.SpendingReportProcess  - Credit Card Payment Received:
2017-03-19 17:22:24,314 [      main] DEBUG ngReport.SpendingReportProcess  - [ {
  "merchant" : "Credit Card Payment",
  "amount" : 5194500,
  "pending" : false,
  "transaction-id" : "1415042820000",
  "is-pending" : false,
  "transaction-time" : [ 2014, 11, 3 ]
}, {
  "merchant" : "Credit Card Payment",
  "amount" : 5194500,
  "pending" : false,
  "transaction-id" : "1417643220000",
  "is-pending" : false,
  "transaction-time" : [ 2014, 12, 3 ]
}, {
  "merchant" : "Credit Card Payment",
  "amount" : 5194500,
  "pending" : false,
  "transaction-id" : "1420307220000",
  "is-pending" : false,
  "transaction-time" : [ 2015, 1, 2 ]
}, {
  "merchant" : "Credit Card Payment",
  "amount" : 5194500,
  "pending" : false,
  "transaction-id" : "1423001100000",
  "is-pending" : false,
  "transaction-time" : [ 2015, 2, 3 ]
}, {
  "merchant" : "Credit Card Payment",
  "amount" : 5194500,
  "pending" : false,
  "transaction-id" : "1425608100000",
  "is-pending" : false,
  "transaction-time" : [ 2015, 3, 3 ]
}, {
  "merchant" : "Credit Card Payment",
  "amount" : 5194500,
  "pending" : false,
  "transaction-id" : "1428130140000",
  "is-pending" : false,
  "transaction-time" : [ 2015, 4, 2 ]
}, {
  "merchant" : "Credit Card Payment",
  "amount" : 5194500,
  "pending" : false,
  "transaction-id" : "1433497680000",
  "is-pending" : false,
  "transaction-time" : [ 2015, 6, 3 ]
}, {
  "merchant" : "Credit Card Payment",
  "amount" : 5194500,
  "pending" : false,
  "transaction-id" : "1436268120000",
  "is-pending" : false,
  "transaction-time" : [ 2015, 7, 3 ]
}, {
  "merchant" : "Credit Card Payment",
  "amount" : 5194500,
  "pending" : false,
  "transaction-id" : "1441313880000",
  "is-pending" : false,
  "transaction-time" : [ 2015, 9, 3 ]
}, {
  "merchant" : "Credit Card Payment",
  "amount" : 5194500,
  "pending" : false,
  "transaction-id" : "1446733980000",
  "is-pending" : false,
  "transaction-time" : [ 2015, 11, 3 ]
}, {
  "merchant" : "Credit Card Payment",
  "amount" : 5194500,
  "pending" : false,
  "transaction-id" : "1451930940000",
  "is-pending" : false,
  "transaction-time" : [ 2016, 1, 3 ]
}, {
  "merchant" : "Credit Card Payment",
  "amount" : 5194500,
  "pending" : false,
  "transaction-id" : "1459724580000",
  "is-pending" : false,
  "transaction-time" : [ 2016, 4, 3 ]
}, {
  "merchant" : "Credit Card Payment",
  "amount" : 5194500,
  "pending" : false,
  "transaction-id" : "1462516800000",
  "is-pending" : false,
  "transaction-time" : [ 2016, 5, 3 ]
}, {
  "merchant" : "Credit Card Payment",
  "amount" : 5194500,
  "pending" : false,
  "transaction-id" : "1465220520000",
  "is-pending" : false,
  "transaction-time" : [ 2016, 6, 3 ]
}, {
  "merchant" : "Credit Card Payment",
  "amount" : 5194500,
  "pending" : false,
  "transaction-id" : "1467622920000",
  "is-pending" : false,
  "transaction-time" : [ 2016, 7, 3 ]
}, {
  "merchant" : "Credit Card Payment",
  "amount" : 5194500,
  "pending" : false,
  "transaction-id" : "1470195540000",
  "is-pending" : false,
  "transaction-time" : [ 2016, 8, 3 ]
}, {
  "merchant" : "Credit Card Payment",
  "amount" : 5194500,
  "pending" : false,
  "transaction-id" : "1472951400000",
  "is-pending" : false,
  "transaction-time" : [ 2016, 9, 3 ]
}, {
  "merchant" : "Credit Card Payment",
  "amount" : 5194500,
  "pending" : false,
  "transaction-id" : "1475459040000",
  "is-pending" : false,
  "transaction-time" : [ 2016, 10, 3 ]
}, {
  "merchant" : "Credit Card Payment",
  "amount" : 5194500,
  "pending" : false,
  "transaction-id" : "1480810080000",
  "is-pending" : false,
  "transaction-time" : [ 2016, 12, 3 ]
} ]
2017-03-19 21:37:19,446 [      main] DEBUG ngReport.SpendingReportProcess  - Generating Spending Report with options : 
2017-03-19 21:37:19,456 [      main] DEBUG ngReport.SpendingReportProcess  - Get All Transactions Criteria: {"args":{"uid":1110590645,"token":"156AF807DBF200A743FACFA4D1415892","api-token":"AppTokenForInterview","json-strict-mode":false,"json-verbose-response":false}}
